<?xml version="1.0" encoding="UTF-8"?>
<testsuite xmlns:xsi="http://www.w3.org/2001/XMLSchema-instance" xsi:noNamespaceSchemaLocation="https://maven.apache.org/surefire/maven-surefire-plugin/xsd/surefire-test-report.xsd" name="com.atguigu.redis7.Redis7Study7777Test" time="0.099" tests="4" errors="0" skipped="0" failures="0">
  <properties>
[...]
</properties>
  <testcase name="testHash" classname="com.atguigu.redis7.Redis7Study7777Test" time="0.071"/>
  <testcase name="test1" classname="com.atguigu.redis7.Redis7Study7777Test" time="0"/>
  <testcase name="test2" classname="com.atguigu.redis7.Redis7Study7777Test" time="0"/>
  <testcase name="testGuavaWithBloomFilter" classname="com.atguigu.redis7.Redis7Study7777Test" time="0.013"/>
</testsuite>